TN:
SF:src/DotBots.js
FN:17,(anonymous_0)
FN:22,(anonymous_1)
FN:32,(anonymous_2)
FN:41,(anonymous_3)
FN:44,(anonymous_4)
FN:52,(anonymous_5)
FN:63,(anonymous_6)
FN:65,(anonymous_7)
FN:99,(anonymous_8)
FN:103,(anonymous_9)
FN:104,(anonymous_10)
FN:109,(anonymous_11)
FN:110,(anonymous_12)
FN:112,(anonymous_13)
FN:117,(anonymous_14)
FN:122,(anonymous_15)
FN:140,(anonymous_16)
FN:141,(anonymous_17)
FN:142,(anonymous_18)
FN:143,(anonymous_19)
FN:146,(anonymous_20)
FN:166,(anonymous_21)
FNF:22
FNH:14
FNDA:21,(anonymous_0)
FNDA:0,(anonymous_1)
FNDA:3,(anonymous_2)
FNDA:0,(anonymous_3)
FNDA:0,(anonymous_4)
FNDA:3,(anonymous_5)
FNDA:1,(anonymous_6)
FNDA:2,(anonymous_7)
FNDA:10,(anonymous_8)
FNDA:6,(anonymous_9)
FNDA:0,(anonymous_10)
FNDA:3,(anonymous_11)
FNDA:0,(anonymous_12)
FNDA:0,(anonymous_13)
FNDA:1,(anonymous_14)
FNDA:1,(anonymous_15)
FNDA:1,(anonymous_16)
FNDA:0,(anonymous_17)
FNDA:1,(anonymous_18)
FNDA:0,(anonymous_19)
FNDA:4,(anonymous_20)
FNDA:24,(anonymous_21)
DA:14,1
DA:15,1
DA:17,1
DA:19,21
DA:20,21
DA:22,21
DA:23,0
DA:24,0
DA:27,21
DA:28,21
DA:29,0
DA:32,21
DA:33,3
DA:34,0
DA:36,3
DA:40,3
DA:41,3
DA:42,0
DA:44,3
DA:45,0
DA:49,21
DA:52,3
DA:63,1
DA:65,2
DA:99,1
DA:100,10
DA:101,10
DA:103,10
DA:104,6
DA:105,6
DA:109,10
DA:110,3
DA:111,3
DA:112,3
DA:113,3
DA:117,10
DA:118,1
DA:119,1
DA:122,10
DA:123,1
DA:125,1
DA:126,1
DA:128,1
DA:129,0
DA:130,0
DA:131,0
DA:132,0
DA:133,0
DA:139,10
DA:140,1
DA:141,0
DA:142,1
DA:143,0
DA:146,10
DA:147,4
DA:148,1
DA:152,10
DA:166,24
LF:58
LH:45
BRDA:28,0,0,0
BRDA:28,0,1,21
BRDA:33,1,0,0
BRDA:33,1,1,3
BRDA:62,2,0,7
BRDA:62,2,1,14
BRDA:75,3,0,21
BRDA:75,3,1,21
BRDA:125,4,0,1
BRDA:125,4,1,0
BRDA:128,5,0,0
BRDA:128,5,1,1
BRDA:128,6,0,1
BRDA:128,6,1,0
BRDA:128,6,2,0
BRDA:131,7,0,0
BRDA:131,7,1,0
BRDA:147,8,0,1
BRDA:147,8,1,3
BRDA:160,9,0,10
BRDA:160,9,1,8
BRDA:160,9,2,8
BRDA:166,10,0,8
BRDA:166,10,1,8
BRF:24
BRH:16
end_of_record
TN:
SF:src/DotBotsMap.js
FN:15,(anonymous_0)
FN:31,(anonymous_1)
FN:37,(anonymous_2)
FN:38,(anonymous_3)
FN:44,(anonymous_4)
FN:51,(anonymous_5)
FN:61,(anonymous_6)
FN:65,(anonymous_7)
FN:69,(anonymous_8)
FN:110,(anonymous_9)
FN:111,(anonymous_10)
FN:116,(anonymous_11)
FN:117,(anonymous_12)
FNF:13
FNH:7
FNDA:14,(anonymous_0)
FNDA:7,(anonymous_1)
FNDA:1,(anonymous_2)
FNDA:0,(anonymous_3)
FNDA:0,(anonymous_4)
FNDA:0,(anonymous_5)
FNDA:0,(anonymous_6)
FNDA:2,(anonymous_7)
FNDA:2,(anonymous_8)
FNDA:21,(anonymous_9)
FNDA:14,(anonymous_10)
FNDA:0,(anonymous_11)
FNDA:0,(anonymous_12)
DA:8,1
DA:15,1
DA:16,14
DA:17,14
DA:18,0
DA:21,14
DA:31,1
DA:33,7
DA:34,7
DA:35,7
DA:37,7
DA:38,1
DA:39,1
DA:40,1
DA:44,7
DA:45,0
DA:46,0
DA:47,0
DA:48,0
DA:51,7
DA:52,0
DA:53,0
DA:54,0
DA:55,0
DA:56,0
DA:57,0
DA:61,7
DA:62,0
DA:65,7
DA:66,2
DA:67,1
DA:69,2
DA:70,0
DA:74,7
DA:75,7
DA:76,7
DA:77,0
DA:78,0
DA:79,7
DA:80,0
DA:81,0
DA:82,7
DA:83,5
DA:86,7
DA:87,7
DA:88,7
DA:90,7
DA:110,21
DA:111,14
DA:117,0
LF:50
LH:32
BRDA:17,0,0,0
BRDA:17,0,1,14
BRDA:23,1,0,14
BRDA:23,1,1,4
BRDA:26,2,0,4
BRDA:26,2,1,10
BRDA:52,3,0,0
BRDA:52,3,1,0
BRDA:55,4,0,0
BRDA:55,4,1,0
BRDA:66,5,0,1
BRDA:66,5,1,1
BRDA:69,6,0,0
BRDA:69,6,1,2
BRDA:76,7,0,0
BRDA:76,7,1,7
BRDA:79,8,0,0
BRDA:79,8,1,7
BRDA:82,9,0,5
BRDA:82,9,1,2
BRDA:91,10,0,7
BRDA:91,10,1,0
BRDA:91,11,0,7
BRDA:91,11,1,7
BRDA:109,12,0,7
BRDA:109,12,1,7
BRDA:114,13,0,7
BRDA:114,13,1,0
BRDA:117,14,0,0
BRDA:117,14,1,0
BRDA:131,15,0,7
BRDA:131,15,1,0
BRF:32
BRH:19
end_of_record
TN:
SF:src/Joystick.js
FN:14,(anonymous_0)
FN:17,(anonymous_1)
FN:19,(anonymous_2)
FN:29,(anonymous_3)
FN:33,(anonymous_4)
FN:71,(anonymous_5)
FN:73,(anonymous_6)
FNF:7
FNH:2
FNDA:22,(anonymous_0)
FNDA:4,(anonymous_1)
FNDA:0,(anonymous_2)
FNDA:0,(anonymous_3)
FNDA:0,(anonymous_4)
FNDA:0,(anonymous_5)
FNDA:0,(anonymous_6)
DA:11,2
DA:14,2
DA:15,22
DA:17,22
DA:19,22
DA:20,0
DA:21,0
DA:22,0
DA:24,0
DA:25,0
DA:26,0
DA:28,0
DA:29,0
DA:33,22
DA:34,0
DA:35,0
DA:37,0
DA:38,0
DA:41,0
DA:42,0
DA:44,0
DA:45,0
DA:47,0
DA:48,0
DA:50,0
DA:51,0
DA:55,0
DA:56,0
DA:58,0
DA:59,0
DA:61,0
DA:62,0
DA:64,0
DA:65,0
DA:68,0
DA:71,22
DA:72,0
DA:73,0
DA:76,22
LF:39
LH:8
BRDA:21,0,0,0
BRDA:21,0,1,0
BRDA:21,1,0,0
BRDA:21,1,1,0
BRDA:26,2,0,0
BRDA:26,2,1,0
BRDA:26,3,0,0
BRDA:26,3,1,0
BRDA:28,4,0,0
BRDA:28,4,1,0
BRDA:41,5,0,0
BRDA:41,5,1,0
BRDA:44,6,0,0
BRDA:44,6,1,0
BRDA:47,7,0,0
BRDA:47,7,1,0
BRDA:50,8,0,0
BRDA:50,8,1,0
BRDA:55,9,0,0
BRDA:55,9,1,0
BRDA:58,10,0,0
BRDA:58,10,1,0
BRDA:61,11,0,0
BRDA:61,11,1,0
BRDA:64,12,0,0
BRDA:64,12,1,0
BRDA:74,13,0,0
BRDA:74,13,1,22
BRF:28
BRH:1
end_of_record
TN:
SF:src/index.js
FNF:0
FNH:0
DA:9,0
DA:10,0
LF:2
LH:0
BRF:0
BRH:0
end_of_record
TN:
SF:src/rest.js
FN:3,(anonymous_0)
FN:11,(anonymous_1)
FN:14,(anonymous_2)
FN:17,(anonymous_3)
FN:20,(anonymous_4)
FN:23,(anonymous_5)
FN:26,(anonymous_6)
FN:29,(anonymous_7)
FN:38,(anonymous_8)
FN:47,(anonymous_9)
FN:50,(anonymous_10)
FN:53,(anonymous_11)
FN:59,(anonymous_12)
FNF:13
FNH:7
FNDA:6,(anonymous_0)
FNDA:3,(anonymous_1)
FNDA:3,(anonymous_2)
FNDA:0,(anonymous_3)
FNDA:0,(anonymous_4)
FNDA:3,(anonymous_5)
FNDA:3,(anonymous_6)
FNDA:0,(anonymous_7)
FNDA:0,(anonymous_8)
FNDA:1,(anonymous_9)
FNDA:1,(anonymous_10)
FNDA:0,(anonymous_11)
FNDA:0,(anonymous_12)
DA:3,2
DA:4,6
DA:11,2
DA:12,3
DA:14,3
DA:17,2
DA:18,0
DA:20,0
DA:23,2
DA:24,3
DA:26,3
DA:29,2
DA:30,0
DA:31,0
DA:38,2
DA:39,0
DA:40,0
DA:47,2
DA:48,1
DA:50,1
DA:53,2
DA:54,0
DA:59,2
DA:60,0
LF:24
LH:16
BRF:0
BRH:0
end_of_record
